\BOOKMARK [1][-]{section.1}{\376\377\000Z\000a\000h\000l\000e\000n}{}% 1
\BOOKMARK [2][-]{subsection.1.1}{\376\377\000D\000i\000e\000\040\000n\000a\000t\000\374\000r\000l\000i\000c\000h\000e\000n\000\040\000Z\000a\000h\000l\000e\000n\000\040\000N}{section.1}% 2
\BOOKMARK [2][-]{subsection.1.2}{\376\377\000D\000i\000e\000\040\000g\000a\000n\000z\000e\000n\000\040\000Z\000a\000h\000l\000e\000n\000\040\000Z}{section.1}% 3
\BOOKMARK [2][-]{subsection.1.3}{\376\377\000R\000a\000t\000i\000o\000n\000a\000l\000e\000\040\000u\000n\000d\000\040\000i\000r\000r\000a\000t\000i\000o\000n\000a\000l\000e\000\040\000Z\000a\000h\000l\000e\000n\000\040\000Q\000,\000\040\000R\000\040\000Q}{section.1}% 4
\BOOKMARK [2][-]{subsection.1.4}{\376\377\000D\000i\000e\000\040\000r\000e\000e\000l\000l\000e\000n\000\040\000Z\000a\000h\000l\000e\000n\000\040\000R}{section.1}% 5
\BOOKMARK [2][-]{subsection.1.5}{\376\377\000K\000o\000m\000p\000l\000e\000x\000e\000\040\000Z\000a\000h\000l\000e\000n\000\040\000C}{section.1}% 6
\BOOKMARK [2][-]{subsection.1.6}{\376\377\000B\000e\000s\000o\000n\000d\000e\000r\000e\000\040\000Z\000a\000h\000l\000e\000n}{section.1}% 7
\BOOKMARK [3][-]{subsubsection.1.6.1}{\376\377\000\040\000-\000\040\000D\000i\000e\000\040\000K\000r\000e\000i\000s\000z\000a\000h\000l}{subsection.1.6}% 8
\BOOKMARK [3][-]{subsubsection.1.6.2}{\376\377\000e\000\040\000-\000\040\000E\000u\000l\000e\000r\000'\000s\000\040\000Z\000a\000h\000l}{subsection.1.6}% 9
\BOOKMARK [3][-]{subsubsection.1.6.3}{\376\377\000i\000\040\000-\000\040\000d\000i\000e\000\040\000i\000m\000a\000g\000i\000n\000\344\000r\000e\000\040\000Z\000a\000h\000l}{subsection.1.6}% 10
\BOOKMARK [1][-]{section.2}{\376\377\000G\000r\000u\000n\000d\000l\000a\000g\000e\000n\000\040\000\046\000\040\000R\000e\000c\000h\000e\000n\000g\000e\000s\000e\000t\000z\000e}{}% 11
\BOOKMARK [2][-]{subsection.2.1}{\376\377\000K\000o\000m\000m\000u\000t\000a\000t\000i\000v\000g\000e\000s\000e\000t\000z}{section.2}% 12
\BOOKMARK [2][-]{subsection.2.2}{\376\377\000A\000s\000s\000o\000z\000i\000a\000t\000i\000v\000g\000e\000s\000e\000t\000z}{section.2}% 13
\BOOKMARK [2][-]{subsection.2.3}{\376\377\000D\000i\000s\000t\000r\000i\000b\000u\000t\000i\000v\000g\000e\000s\000e\000t\000z}{section.2}% 14
\BOOKMARK [2][-]{subsection.2.4}{\376\377\000D\000i\000e\000\040\000b\000i\000n\000o\000m\000i\000s\000c\000h\000e\000n\000\040\000F\000o\000r\000m\000e\000l\000n}{section.2}% 15
\BOOKMARK [2][-]{subsection.2.5}{\376\377\000P\000o\000t\000e\000n\000z\000e\000n}{section.2}% 16
\BOOKMARK [2][-]{subsection.2.6}{\376\377\000W\000u\000r\000z\000e\000l\000n}{section.2}% 17
\BOOKMARK [2][-]{subsection.2.7}{\376\377\000L\000o\000g\000a\000r\000i\000t\000h\000m\000u\000s}{section.2}% 18
\BOOKMARK [1][-]{section.3}{\376\377\000G\000e\000o\000m\000e\000t\000r\000i\000e}{}% 19
\BOOKMARK [2][-]{subsection.3.1}{\376\377\000T\000r\000i\000g\000n\000o\000n\000o\000m\000e\000t\000r\000i\000e}{section.3}% 20
\BOOKMARK [2][-]{subsection.3.2}{\376\377\000P\000o\000l\000a\000r\000k\000o\000o\000d\000i\000n\000a\000t\000e\000n}{section.3}% 21
\BOOKMARK [3][-]{subsubsection.3.2.1}{\376\377\000K\000o\000m\000p\000l\000e\000x\000e\000\040\000Z\000a\000h\000l\000e\000n\000\040\000m\000i\000t\000t\000e\000l\000s\000\040\000P\000o\000l\000a\000r\000k\000o\000o\000d\000i\000n\000a\000t\000e\000n}{subsection.3.2}% 22
\BOOKMARK [2][-]{subsection.3.3}{\376\377\000B\000o\000g\000e\000n\000m\000a\000\337\000\040\000u\000n\000d\000\040\000R\000a\000d\000i\000a\000n}{section.3}% 23
\BOOKMARK [2][-]{subsection.3.4}{\376\377\000P\000h\000y\000t\000a\000g\000o\000r\000a\000s}{section.3}% 24
\BOOKMARK [1][-]{section.4}{\376\377\000S\000t\000a\000t\000i\000s\000t\000i\000k}{}% 25
\BOOKMARK [2][-]{subsection.4.1}{\376\377\000D\000i\000e\000\040\000T\000e\000r\000m\000i\000n\000i\000\040\000d\000e\000r\000\040\000S\000t\000a\000t\000i\000s\000t\000i\000k}{section.4}% 26
\BOOKMARK [3][-]{subsubsection.4.1.1}{\376\377\000D\000u\000r\000c\000h\000s\000c\000h\000n\000i\000t\000t}{subsection.4.1}% 27
\BOOKMARK [3][-]{subsubsection.4.1.2}{\376\377\000M\000o\000d\000u\000s}{subsection.4.1}% 28
\BOOKMARK [3][-]{subsubsection.4.1.3}{\376\377\000M\000e\000d\000i\000a\000n}{subsection.4.1}% 29
\BOOKMARK [3][-]{subsubsection.4.1.4}{\376\377\000E\000r\000w\000a\000r\000t\000u\000n\000g\000s\000w\000e\000r\000t}{subsection.4.1}% 30
\BOOKMARK [3][-]{subsubsection.4.1.5}{\376\377\000V\000a\000r\000i\000a\000n\000z\000\040\000u\000n\000d\000\040\000K\000o\000v\000a\000r\000i\000a\000n\000z}{subsection.4.1}% 31
\BOOKMARK [3][-]{subsubsection.4.1.6}{\376\377\000S\000t\000a\000n\000d\000a\000r\000d\000a\000b\000w\000e\000i\000c\000h\000u\000n\000g}{subsection.4.1}% 32
\BOOKMARK [3][-]{subsubsection.4.1.7}{\376\377\000K\000o\000r\000r\000e\000l\000a\000t\000i\000o\000n}{subsection.4.1}% 33
\BOOKMARK [2][-]{subsection.4.2}{\376\377\000S\000t\000a\000t\000i\000s\000t\000i\000s\000c\000h\000e\000\040\000V\000e\000r\000f\000a\000h\000r\000e\000n}{section.4}% 34
\BOOKMARK [3][-]{subsubsection.4.2.1}{\376\377\000M\000L\000E}{subsection.4.2}% 35
\BOOKMARK [3][-]{subsubsection.4.2.2}{\376\377\000P\000e\000a\000r\000s\000o\000n\000'\000s\000\040\000C\000h\000i\000-\000Q\000u\000a\000d\000r\000a\000t\000-\000T\000e\000s\000t}{subsection.4.2}% 36
\BOOKMARK [3][-]{subsubsection.4.2.3}{\376\377\000T\000-\000T\000e\000s\000t}{subsection.4.2}% 37
\BOOKMARK [3][-]{subsubsection.4.2.4}{\376\377\000S\000a\000m\000p\000l\000i\000n\000g}{subsection.4.2}% 38
\BOOKMARK [3][-]{subsubsection.4.2.5}{\376\377\000V\000a\000r\000i\000a\000n\000z\000a\000n\000a\000l\000y\000s\000e}{subsection.4.2}% 39
\BOOKMARK [1][-]{section.5}{\376\377\000W\000a\000h\000r\000s\000c\000h\000e\000i\000n\000l\000i\000c\000h\000k\000e\000i\000t}{}% 40
\BOOKMARK [2][-]{subsection.5.1}{\376\377\000A\000b\000h\000\344\000n\000g\000i\000g\000e\000\040\000u\000n\000d\000\040\000u\000n\000a\000b\000h\000\344\000n\000g\000i\000g\000e\000\040\000V\000a\000r\000i\000a\000b\000l\000e}{section.5}% 41
\BOOKMARK [2][-]{subsection.5.2}{\376\377\000K\000o\000l\000m\000o\000g\000o\000r\000o\000w\000'\000\040\000A\000x\000i\000o\000m\000e}{section.5}% 42
\BOOKMARK [2][-]{subsection.5.3}{\376\377\000W\000a\000h\000r\000s\000c\000h\000e\000i\000n\000l\000i\000c\000h\000k\000e\000i\000t\000s\000k\000o\000n\000z\000e\000p\000t\000e}{section.5}% 43
\BOOKMARK [3][-]{subsubsection.5.3.1}{\376\377\000W\000a\000h\000r\000s\000c\000h\000e\000i\000n\000l\000i\000c\000h\000k\000e\000i\000t\000s\000f\000o\000r\000m\000e\000l\000n}{subsection.5.3}% 44
\BOOKMARK [3][-]{subsubsection.5.3.2}{\376\377\000B\000e\000d\000i\000n\000g\000t\000e\000\040\000U\000n\000a\000b\000h\000\344\000n\000g\000i\000g\000k\000e\000i\000t}{subsection.5.3}% 45
\BOOKMARK [3][-]{subsubsection.5.3.3}{\376\377\000U\000n\000a\000b\000h\000\344\000n\000g\000i\000g\000k\000e\000i\000t\000\040\000v\000o\000n\000\040\000V\000a\000r\000i\000a\000b\000l\000e\000n}{subsection.5.3}% 46
\BOOKMARK [2][-]{subsection.5.4}{\376\377\000W\000a\000h\000r\000s\000c\000h\000e\000i\000n\000l\000i\000c\000h\000k\000e\000i\000t\000s\000v\000e\000r\000t\000e\000i\000l\000u\000n\000g\000e\000n}{section.5}% 47
\BOOKMARK [3][-]{subsubsection.5.4.1}{\376\377\000N\000o\000r\000m\000a\000l\000v\000e\000r\000t\000e\000i\000l\000u\000n\000g}{subsection.5.4}% 48
\BOOKMARK [3][-]{subsubsection.5.4.2}{\376\377\000G\000e\000m\000i\000s\000c\000h\000t\000e\000\040\000V\000e\000r\000t\000e\000i\000l\000u\000n\000g}{subsection.5.4}% 49
\BOOKMARK [3][-]{subsubsection.5.4.3}{\376\377\000E\000x\000p\000o\000n\000e\000n\000t\000i\000a\000l\000v\000e\000r\000t\000e\000i\000l\000u\000n\000g}{subsection.5.4}% 50
\BOOKMARK [3][-]{subsubsection.5.4.4}{\376\377\000G\000l\000e\000i\000c\000h\000v\000e\000r\000t\000e\000i\000l\000u\000n\000g}{subsection.5.4}% 51
\BOOKMARK [3][-]{subsubsection.5.4.5}{\376\377\000P\000o\000i\000s\000s\000o\000n\000v\000e\000r\000t\000e\000i\000l\000u\000n\000g}{subsection.5.4}% 52
\BOOKMARK [3][-]{subsubsection.5.4.6}{\376\377\000t\000-\000V\000e\000r\000t\000e\000i\000l\000u\000n\000g\000\040\000o\000d\000e\000r\000\040\000S\000t\000u\000d\000e\000n\000t\000-\000t\000-\000V\000e\000r\000t\000e\000i\000l\000u\000n\000g}{subsection.5.4}% 53
\BOOKMARK [3][-]{subsubsection.5.4.7}{\376\377\000C\000h\000i\0002\000\040\000V\000e\000r\000t\000e\000i\000l\000u\000n\000g}{subsection.5.4}% 54
\BOOKMARK [3][-]{subsubsection.5.4.8}{\376\377\000B\000i\000n\000o\000m\000i\000n\000a\000l\000v\000e\000r\000t\000e\000i\000l\000u\000n\000g}{subsection.5.4}% 55
\BOOKMARK [3][-]{subsubsection.5.4.9}{\376\377\000B\000e\000r\000n\000o\000u\000l\000l\000i\000v\000e\000r\000t\000e\000i\000l\000u\000n\000g}{subsection.5.4}% 56
\BOOKMARK [2][-]{subsection.5.5}{\376\377\000B\000a\000y\000e\000s}{section.5}% 57
\BOOKMARK [1][-]{section.6}{\376\377\000L\000i\000n\000e\000a\000r\000e\000\040\000A\000l\000g\000e\000b\000r\000a}{}% 58
\BOOKMARK [2][-]{subsection.6.1}{\376\377\000I\000n\000v\000e\000r\000s\000e\000\040\000e\000i\000n\000e\000r\000\040\000m\000a\000t\000r\000i\000x}{section.6}% 59
\BOOKMARK [3][-]{subsubsection.6.1.1}{\376\377\000M\000o\000o\000r\000e\000-\000P\000e\000n\000r\000o\000s\000e\000\040\000P\000s\000e\000u\000d\000o\000i\000n\000v\000e\000r\000s\000e}{subsection.6.1}% 60
\BOOKMARK [2][-]{subsection.6.2}{\376\377\000D\000i\000e\000\040\000B\000a\000s\000i\000s\000v\000e\000c\000t\000o\000r\000e\000n}{section.6}% 61
\BOOKMARK [2][-]{subsection.6.3}{\376\377\000D\000e\000t\000e\000r\000m\000i\000n\000a\000n\000t\000e}{section.6}% 62
\BOOKMARK [1][-]{section.7}{\376\377\000A\000n\000a\000l\000y\000s\000i\000s}{}% 63
\BOOKMARK [2][-]{subsection.7.1}{\376\377\000F\000u\000n\000k\000t\000i\000o\000n\000e\000n\000/\000A\000b\000b\000i\000l\000d\000u\000n\000g\000e\000n}{section.7}% 64
\BOOKMARK [3][-]{subsubsection.7.1.1}{\376\377\000D\000e\000f\000i\000n\000i\000t\000i\000o\000n\000s\000b\000e\000r\000e\000i\000c\000h\000\040\000u\000n\000d\000\040\000W\000e\000r\000t\000e\000b\000e\000r\000e\000i\000c\000h}{subsection.7.1}% 65
\BOOKMARK [3][-]{subsubsection.7.1.2}{\376\377\000S\000p\000e\000z\000i\000e\000l\000l\000e\000\040\000F\000u\000n\000k\000t\000i\000o\000n\000e\000n}{subsection.7.1}% 66
\BOOKMARK [3][-]{subsubsection.7.1.3}{\376\377\000I\000n\000v\000e\000r\000s\000i\000b\000i\000l\000i\000t\000\344\000t}{subsection.7.1}% 67
\BOOKMARK [3][-]{subsubsection.7.1.4}{\376\377\000N\000u\000l\000l\000s\000t\000e\000l\000l\000e\000n}{subsection.7.1}% 68
\BOOKMARK [2][-]{subsection.7.2}{\376\377\000A\000b\000l\000e\000i\000t\000u\000n\000g\000e\000n}{section.7}% 69
\BOOKMARK [3][-]{subsubsection.7.2.1}{\376\377\000S\000p\000e\000z\000i\000e\000l\000l\000e\000\040\000A\000b\000l\000e\000i\000t\000u\000n\000g\000e\000n}{subsection.7.2}% 70
\BOOKMARK [3][-]{subsubsection.7.2.2}{\376\377\000A\000b\000l\000e\000i\000t\000u\000n\000g\000s\000r\000e\000g\000e\000l\000n}{subsection.7.2}% 71
\BOOKMARK [3][-]{subsubsection.7.2.3}{\376\377\000P\000a\000r\000t\000i\000e\000l\000l\000e\000\040\000A\000b\000l\000e\000i\000t\000u\000n\000g\000e\000n\000\040}{subsection.7.2}% 72
\BOOKMARK [3][-]{subsubsection.7.2.4}{\376\377\000J\000a\000c\000o\000b\000i\000m\000a\000t\000r\000i\000x}{subsection.7.2}% 73
\BOOKMARK [3][-]{subsubsection.7.2.5}{\376\377\000H\000e\000s\000s\000i\000s\000c\000h\000e\000\040\000M\000a\000t\000r\000i\000x}{subsection.7.2}% 74
\BOOKMARK [2][-]{subsection.7.3}{\376\377\000P\000o\000l\000y\000n\000o\000m\000e}{section.7}% 75
\BOOKMARK [2][-]{subsection.7.4}{\376\377\000I\000n\000t\000e\000g\000r\000a\000l\000e}{section.7}% 76
\BOOKMARK [2][-]{subsection.7.5}{\376\377\000D\000e\000r\000\040\000G\000r\000e\000n\000z\000w\000e\000r\000t}{section.7}% 77
\BOOKMARK [2][-]{subsection.7.6}{\376\377\000D\000i\000f\000f\000e\000r\000e\000n\000t\000i\000a\000l\000g\000l\000e\000i\000c\000h\000u\000n\000g\000e\000n}{section.7}% 78
\BOOKMARK [2][-]{subsection.7.7}{\376\377\000D\000i\000v\000e\000r\000g\000e\000n\000z}{section.7}% 79
\BOOKMARK [3][-]{subsubsection.7.7.1}{\376\377\000K\000u\000l\000l\000b\000a\000c\000k\000-\000L\000e\000i\000b\000l\000e\000r}{subsection.7.7}% 80
\BOOKMARK [3][-]{subsubsection.7.7.2}{\376\377\000J\000e\000n\000s\000e\000n\000-\000S\000h\000a\000n\000n\000o\000n}{subsection.7.7}% 81
\BOOKMARK [2][-]{subsection.7.8}{\376\377\000R\000e\000g\000r\000e\000s\000s\000i\000o\000n}{section.7}% 82
\BOOKMARK [3][-]{subsubsection.7.8.1}{\376\377\000L\000i\000n\000e\000a\000r\000e\000\040\000R\000e\000g\000r\000e\000s\000s\000i\000o\000n}{subsection.7.8}% 83
\BOOKMARK [3][-]{subsubsection.7.8.2}{\376\377\000P\000o\000l\000y\000n\000o\000m\000i\000s\000c\000h\000e\000\040\000R\000e\000g\000r\000e\000s\000s\000i\000o\000n}{subsection.7.8}% 84
\BOOKMARK [3][-]{subsubsection.7.8.3}{\376\377\000L\000o\000g\000i\000s\000t\000i\000s\000c\000h\000e\000\040\000R\000e\000g\000r\000e\000s\000s\000i\000o\000n}{subsection.7.8}% 85
\BOOKMARK [1][-]{section.8}{\376\377\000E\000n\000t\000r\000o\000p\000i\000e}{}% 86
