\BOOKMARK [0][-]{chapter.1}{\376\377\000N\000u\000m\000b\000e\000r\000s}{}% 1
\BOOKMARK [1][-]{section.1.1}{\376\377\000N\000a\000t\000u\000r\000a\000l\000\040\000N\000u\000m\000b\000e\000r\000s\000\040\000N}{chapter.1}% 2
\BOOKMARK [1][-]{section.1.2}{\376\377\000I\000n\000t\000e\000g\000e\000r\000s\000\040\000Z}{chapter.1}% 3
\BOOKMARK [1][-]{section.1.3}{\376\377\000R\000a\000t\000i\000o\000n\000a\000l\000\040\000a\000n\000d\000\040\000I\000r\000r\000a\000t\000i\000o\000n\000a\000l\000\040\000N\000u\000m\000b\000e\000r\000s\000\040\000Q\000,\000\040\000R\000\040\000Q}{chapter.1}% 4
\BOOKMARK [1][-]{section.1.4}{\376\377\000R\000e\000a\000l\000\040\000N\000u\000m\000b\000e\000r\000s\000\040\000R}{chapter.1}% 5
\BOOKMARK [1][-]{section.1.5}{\376\377\000C\000o\000m\000p\000l\000e\000x\000\040\000N\000u\000m\000b\000e\000r\000s\000\040\000C}{chapter.1}% 6
\BOOKMARK [2][-]{subsection.1.5.1}{\376\377\000S\000p\000e\000c\000i\000a\000l\000\040\000N\000u\000m\000b\000e\000r\000s}{section.1.5}% 7
\BOOKMARK [0][-]{chapter.2}{\376\377\000F\000u\000n\000d\000a\000m\000e\000n\000t\000a\000l\000s\000\040\000\046\000\040\000A\000r\000i\000t\000h\000m\000e\000t\000i\000c\000\040\000L\000a\000w\000s}{}% 8
\BOOKMARK [1][-]{section.2.1}{\376\377\000A\000x\000i\000o\000m\000s}{chapter.2}% 9
\BOOKMARK [2][-]{subsection.2.1.1}{\376\377\000C\000o\000m\000m\000u\000t\000a\000t\000i\000v\000e\000\040\000L\000a\000w}{section.2.1}% 10
\BOOKMARK [2][-]{subsection.2.1.2}{\376\377\000A\000s\000s\000o\000c\000i\000a\000t\000i\000v\000e\000\040\000L\000a\000w}{section.2.1}% 11
\BOOKMARK [2][-]{subsection.2.1.3}{\376\377\000D\000i\000s\000t\000r\000i\000b\000u\000t\000i\000v\000e\000\040\000L\000a\000w}{section.2.1}% 12
\BOOKMARK [2][-]{subsection.2.1.4}{\376\377\000I\000n\000e\000q\000u\000a\000l\000i\000t\000y\000\040\000L\000a\000w\000s}{section.2.1}% 13
\BOOKMARK [2][-]{subsection.2.1.5}{\376\377\000I\000d\000e\000n\000t\000i\000t\000y\000\040\000L\000a\000w\000s}{section.2.1}% 14
\BOOKMARK [2][-]{subsection.2.1.6}{\376\377\000I\000n\000v\000e\000r\000s\000e\000\040\000L\000a\000w\000s}{section.2.1}% 15
\BOOKMARK [2][-]{subsection.2.1.7}{\376\377\000Z\000e\000r\000o\000\040\000L\000a\000w\000s}{section.2.1}% 16
\BOOKMARK [2][-]{subsection.2.1.8}{\376\377\000A\000b\000s\000o\000l\000u\000t\000e\000\040\000V\000a\000l\000u\000e\000\040\000P\000r\000o\000p\000e\000r\000t\000i\000e\000s}{section.2.1}% 17
\BOOKMARK [1][-]{section.2.2}{\376\377\000T\000h\000e\000\040\000B\000i\000n\000o\000m\000i\000a\000l\000\040\000F\000o\000r\000m\000u\000l\000a\000s}{chapter.2}% 18
\BOOKMARK [1][-]{section.2.3}{\376\377\000S\000e\000t\000\040\000O\000p\000e\000r\000a\000t\000i\000o\000n\000s}{chapter.2}% 19
\BOOKMARK [1][-]{section.2.4}{\376\377\000P\000o\000w\000e\000r\000s}{chapter.2}% 20
\BOOKMARK [1][-]{section.2.5}{\376\377\000R\000o\000o\000t\000s}{chapter.2}% 21
\BOOKMARK [1][-]{section.2.6}{\376\377\000L\000o\000g\000a\000r\000i\000t\000h\000m\000s}{chapter.2}% 22
